[19-Mar-2024 17:54:03] NOTICE: PHP message: PHP Warning:  Failed loading Zend extension 'opcache.so' (tried: /usr/lib/php82/modules/opcache.so (libcapstone.so.4: cannot open shared object file: No such file or directory), /usr/lib/php82/modules/opcache.so.so (/usr/lib/php82/modules/opcache.so.so: cannot open shared object file: No such file or directory)) in Unknown on line 0
[19-Mar-2024 17:54:04] NOTICE: PHP message: PHP Warning:  Module "gd" is already loaded in Unknown on line 0
[19-Mar-2024 17:54:04] NOTICE: PHP message: PHP Warning:  PHP Startup: Unable to load dynamic library 'igbinary' (tried: /usr/lib/php82/modules/igbinary (/usr/lib/php82/modules/igbinary: cannot open shared object file: No such file or directory), /usr/lib/php82/modules/igbinary.so (/usr/lib/php82/modules/igbinary.so: cannot open shared object file: No such file or directory)) in Unknown on line 0
[19-Mar-2024 18:02:28] NOTICE: PHP message: PHP Warning:  Failed loading Zend extension 'opcache.so' (tried: /usr/lib/php82/modules/opcache.so (libcapstone.so.4: cannot open shared object file: No such file or directory), /usr/lib/php82/modules/opcache.so.so (/usr/lib/php82/modules/opcache.so.so: cannot open shared object file: No such file or directory)) in Unknown on line 0
[19-Mar-2024 18:02:28] NOTICE: PHP message: PHP Warning:  Module "gd" is already loaded in Unknown on line 0
[19-Mar-2024 18:02:28] NOTICE: PHP message: PHP Warning:  PHP Startup: Unable to load dynamic library 'igbinary' (tried: /usr/lib/php82/modules/igbinary (/usr/lib/php82/modules/igbinary: cannot open shared object file: No such file or directory), /usr/lib/php82/modules/igbinary.so (/usr/lib/php82/modules/igbinary.so: cannot open shared object file: No such file or directory)) in Unknown on line 0
[19-Mar-2024 18:09:58] NOTICE: PHP message: PHP Warning:  Failed loading Zend extension 'opcache.so' (tried: /usr/lib/php82/modules/opcache.so (libcapstone.so.4: cannot open shared object file: No such file or directory), /usr/lib/php82/modules/opcache.so.so (/usr/lib/php82/modules/opcache.so.so: cannot open shared object file: No such file or directory)) in Unknown on line 0
[19-Mar-2024 18:09:58] NOTICE: PHP message: PHP Warning:  Module "gd" is already loaded in Unknown on line 0
[19-Mar-2024 18:09:58] NOTICE: PHP message: PHP Warning:  PHP Startup: Unable to load dynamic library 'igbinary' (tried: /usr/lib/php82/modules/igbinary (/usr/lib/php82/modules/igbinary: cannot open shared object file: No such file or directory), /usr/lib/php82/modules/igbinary.so (/usr/lib/php82/modules/igbinary.so: cannot open shared object file: No such file or directory)) in Unknown on line 0
[19-Mar-2024 18:13:03] NOTICE: PHP message: PHP Warning:  Failed loading Zend extension 'opcache.so' (tried: /usr/lib/php82/modules/opcache.so (libcapstone.so.4: cannot open shared object file: No such file or directory), /usr/lib/php82/modules/opcache.so.so (/usr/lib/php82/modules/opcache.so.so: cannot open shared object file: No such file or directory)) in Unknown on line 0
[19-Mar-2024 18:13:03] NOTICE: PHP message: PHP Warning:  Module "gd" is already loaded in Unknown on line 0
[19-Mar-2024 18:13:03] NOTICE: PHP message: PHP Warning:  PHP Startup: Unable to load dynamic library 'igbinary' (tried: /usr/lib/php82/modules/igbinary (/usr/lib/php82/modules/igbinary: cannot open shared object file: No such file or directory), /usr/lib/php82/modules/igbinary.so (/usr/lib/php82/modules/igbinary.so: cannot open shared object file: No such file or directory)) in Unknown on line 0
[26-Mar-2024 17:51:45] NOTICE: PHP message: PHP Warning:  Failed loading Zend extension 'opcache.so' (tried: /usr/lib/php82/modules/opcache.so (libcapstone.so.4: cannot open shared object file: No such file or directory), /usr/lib/php82/modules/opcache.so.so (/usr/lib/php82/modules/opcache.so.so: cannot open shared object file: No such file or directory)) in Unknown on line 0
[26-Mar-2024 17:51:45] NOTICE: PHP message: PHP Warning:  Module "gd" is already loaded in Unknown on line 0
[26-Mar-2024 17:51:45] NOTICE: PHP message: PHP Warning:  PHP Startup: Unable to load dynamic library 'igbinary' (tried: /usr/lib/php82/modules/igbinary (/usr/lib/php82/modules/igbinary: cannot open shared object file: No such file or directory), /usr/lib/php82/modules/igbinary.so (/usr/lib/php82/modules/igbinary.so: cannot open shared object file: No such file or directory)) in Unknown on line 0
[02-Apr-2024 18:52:34] NOTICE: PHP message: PHP Warning:  Failed loading Zend extension 'opcache.so' (tried: /usr/lib/php82/modules/opcache.so (libcapstone.so.4: cannot open shared object file: No such file or directory), /usr/lib/php82/modules/opcache.so.so (/usr/lib/php82/modules/opcache.so.so: cannot open shared object file: No such file or directory)) in Unknown on line 0
[02-Apr-2024 18:52:34] NOTICE: PHP message: PHP Warning:  Module "gd" is already loaded in Unknown on line 0
[02-Apr-2024 18:52:34] NOTICE: PHP message: PHP Warning:  PHP Startup: Unable to load dynamic library 'igbinary' (tried: /usr/lib/php82/modules/igbinary (/usr/lib/php82/modules/igbinary: cannot open shared object file: No such file or directory), /usr/lib/php82/modules/igbinary.so (/usr/lib/php82/modules/igbinary.so: cannot open shared object file: No such file or directory)) in Unknown on line 0
[03-Apr-2024 17:29:58] NOTICE: PHP message: PHP Warning:  Failed loading Zend extension 'opcache.so' (tried: /usr/lib/php82/modules/opcache.so (libcapstone.so.4: cannot open shared object file: No such file or directory), /usr/lib/php82/modules/opcache.so.so (/usr/lib/php82/modules/opcache.so.so: cannot open shared object file: No such file or directory)) in Unknown on line 0
[03-Apr-2024 17:29:58] NOTICE: PHP message: PHP Warning:  Module "gd" is already loaded in Unknown on line 0
[03-Apr-2024 17:29:58] NOTICE: PHP message: PHP Warning:  PHP Startup: Unable to load dynamic library 'igbinary' (tried: /usr/lib/php82/modules/igbinary (/usr/lib/php82/modules/igbinary: cannot open shared object file: No such file or directory), /usr/lib/php82/modules/igbinary.so (/usr/lib/php82/modules/igbinary.so: cannot open shared object file: No such file or directory)) in Unknown on line 0
[04-Apr-2024 17:59:31] NOTICE: PHP message: PHP Warning:  Failed loading Zend extension 'opcache.so' (tried: /usr/lib/php82/modules/opcache.so (libcapstone.so.4: cannot open shared object file: No such file or directory), /usr/lib/php82/modules/opcache.so.so (/usr/lib/php82/modules/opcache.so.so: cannot open shared object file: No such file or directory)) in Unknown on line 0
[04-Apr-2024 17:59:31] NOTICE: PHP message: PHP Warning:  Module "gd" is already loaded in Unknown on line 0
[04-Apr-2024 17:59:31] NOTICE: PHP message: PHP Warning:  PHP Startup: Unable to load dynamic library 'igbinary' (tried: /usr/lib/php82/modules/igbinary (/usr/lib/php82/modules/igbinary: cannot open shared object file: No such file or directory), /usr/lib/php82/modules/igbinary.so (/usr/lib/php82/modules/igbinary.so: cannot open shared object file: No such file or directory)) in Unknown on line 0
[19-Apr-2024 16:45:00] NOTICE: PHP message: PHP Warning:  Failed loading Zend extension 'opcache.so' (tried: /usr/lib/php82/modules/opcache.so (libcapstone.so.4: cannot open shared object file: No such file or directory), /usr/lib/php82/modules/opcache.so.so (/usr/lib/php82/modules/opcache.so.so: cannot open shared object file: No such file or directory)) in Unknown on line 0
[19-Apr-2024 16:45:00] NOTICE: PHP message: PHP Warning:  Module "gd" is already loaded in Unknown on line 0
[19-Apr-2024 16:45:00] NOTICE: PHP message: PHP Warning:  PHP Startup: Unable to load dynamic library 'igbinary' (tried: /usr/lib/php82/modules/igbinary (/usr/lib/php82/modules/igbinary: cannot open shared object file: No such file or directory), /usr/lib/php82/modules/igbinary.so (/usr/lib/php82/modules/igbinary.so: cannot open shared object file: No such file or directory)) in Unknown on line 0
[09-May-2024 17:18:04] NOTICE: PHP message: PHP Warning:  Failed loading Zend extension 'opcache.so' (tried: /usr/lib/php82/modules/opcache.so (libcapstone.so.4: cannot open shared object file: No such file or directory), /usr/lib/php82/modules/opcache.so.so (/usr/lib/php82/modules/opcache.so.so: cannot open shared object file: No such file or directory)) in Unknown on line 0
[09-May-2024 17:18:04] NOTICE: PHP message: PHP Warning:  Module "gd" is already loaded in Unknown on line 0
[09-May-2024 17:18:04] NOTICE: PHP message: PHP Warning:  PHP Startup: Unable to load dynamic library 'igbinary' (tried: /usr/lib/php82/modules/igbinary (/usr/lib/php82/modules/igbinary: cannot open shared object file: No such file or directory), /usr/lib/php82/modules/igbinary.so (/usr/lib/php82/modules/igbinary.so: cannot open shared object file: No such file or directory)) in Unknown on line 0
[23-Jun-2024 15:19:19] NOTICE: PHP message: PHP Warning:  Failed loading Zend extension 'opcache.so' (tried: /usr/lib/php82/modules/opcache.so (libcapstone.so.4: cannot open shared object file: No such file or directory), /usr/lib/php82/modules/opcache.so.so (/usr/lib/php82/modules/opcache.so.so: cannot open shared object file: No such file or directory)) in Unknown on line 0
[23-Jun-2024 15:19:19] NOTICE: PHP message: PHP Warning:  PHP Startup: Unable to load dynamic library 'intl.so' (tried: /usr/lib/php82/modules/intl.so (libicuio.so.74: cannot open shared object file: No such file or directory), /usr/lib/php82/modules/intl.so.so (/usr/lib/php82/modules/intl.so.so: cannot open shared object file: No such file or directory)) in Unknown on line 0
[23-Jun-2024 15:19:19] NOTICE: PHP message: PHP Warning:  Module "gd" is already loaded in Unknown on line 0
[23-Jun-2024 15:19:19] NOTICE: PHP message: PHP Warning:  PHP Startup: Unable to load dynamic library 'igbinary' (tried: /usr/lib/php82/modules/igbinary (/usr/lib/php82/modules/igbinary: cannot open shared object file: No such file or directory), /usr/lib/php82/modules/igbinary.so (/usr/lib/php82/modules/igbinary.so: cannot open shared object file: No such file or directory)) in Unknown on line 0
